<?xml version="1.0" encoding="UTF-8"?>
<!-- Generated by org.testng.reporters.JUnitReportReporter -->
<testsuite hostname="LAPTOP-5EACHOO7" failures="0" tests="1" name="magentoLab.magentolab" time="1.206" errors="0" timestamp="2023-10-23T11:43:26 EET" skipped="0">
  <testcase classname="magentoLab.magentolab" name="myTest" time="1.206"/>
  <system-out/>
</testsuite> <!-- magentoLab.magentolab -->
